<?xml version="1.0" encoding="UTF-8"?>
<!-- Generated by org.testng.reporters.JUnitXMLReporter -->
<testsuite ignored="0" hostname="sjcho88-PC" failures="0" tests="5" name="Test" time="133.637" errors="0" timestamp="2025-03-18T12:56:20 KST">
  <testcase classname="edu.Appium.Install" name="앱사용권한체크" time="3.628"/>
  <testcase classname="edu.Appium.Install" name="학부모에게_요청하여_앱_사용하기" time="14.588"/>
  <testcase classname="edu.Appium.T001" name="비밀번호유효성체크" time="32.015"/>
  <testcase classname="edu.Appium.T001" name="학년별로그인" time="11.537"/>
  <testcase classname="edu.Appium.T002" name="속담의달인" time="22.064"/>
</testsuite> <!-- Test -->
