<?xml version="1.0" encoding="UTF-8"?>
<!-- Generated by org.testng.reporters.JUnitXMLReporter -->
<testsuite ignored="0" hostname="sjcho88-PC" failures="1" tests="5" name="Test" time="151.969" errors="0" timestamp="2025-03-18T18:25:56 KST">
  <testcase classname="edu.Appium.Install" name="앱사용권한체크" time="3.662"/>
  <testcase classname="edu.Appium.Install" name="학부모에게_요청하여_앱_사용하기" time="14.446"/>
  <testcase classname="edu.Appium.T001" name="비밀번호유효성체크" time="35.619"/>
  <testcase classname="edu.Appium.T001" name="학년별로그인" time="10.06">
    <failure type="org.openqa.selenium.NoSuchElementException" message="An element could not be located on the page using the given search parameters.
For documentation on this error, please visit: https://www.selenium.dev/documentation/webdriver/troubleshooting/errors#no-such-element-exception
Build info: version: &amp;apos;4.29.0&amp;apos;, revision: &amp;apos;5fc1ec94cb&amp;apos;
System info: os.name: &amp;apos;Windows 10&amp;apos;, os.arch: &amp;apos;amd64&amp;apos;, os.version: &amp;apos;10.0&amp;apos;, java.version: &amp;apos;21.0.6&amp;apos;
Driver info: io.appium.java_client.android.AndroidDriver
Command: [f3e0808a-a7ad-4b47-af9d-1ac32b03060e, findElement {value=new UiSelector().className(&amp;quot;android.widget.EditText&amp;quot;).instance(0), using=-android uiautomator}]
Capabilities {appium:appActivity: com.homelearn.essential.act..., appium:appPackage: com.homelearn.schoollearn, appium:automationName: UiAutomator2, appium:databaseEnabled: false, appium:desired: {appActivity: com.homelearn.essential.act..., appPackage: com.homelearn.schoollearn, automationName: UiAutomator2, deviceName: R9PT7000CKM, noReset: true, platformName: ANDROID}, appium:deviceApiLevel: 34, appium:deviceManufacturer: samsung, appium:deviceModel: SM-X200, appium:deviceName: R9PT7000CKM, appium:deviceScreenDensity: 240, appium:deviceScreenSize: 1920x1200, appium:deviceUDID: R9PT7000CKM, appium:javascriptEnabled: true, appium:locationContextEnabled: false, appium:networkConnectionEnabled: true, appium:noReset: true, appium:pixelRatio: 1.5, appium:platformVersion: 14, appium:statBarHeight: 36, appium:takesScreenshot: true, appium:viewportRect: {height: 1164, left: 0, top: 36, width: 1920}, appium:warnings: {}, appium:webStorageEnabled: false, platformName: ANDROID}
Session ID: f3e0808a-a7ad-4b47-af9d-1ac32b03060e">
      <![CDATA[org.openqa.selenium.NoSuchElementException: An element could not be located on the page using the given search parameters.
For documentation on this error, please visit: https://www.selenium.dev/documentation/webdriver/troubleshooting/errors#no-such-element-exception
Build info: version: '4.29.0', revision: '5fc1ec94cb'
System info: os.name: 'Windows 10', os.arch: 'amd64', os.version: '10.0', java.version: '21.0.6'
Driver info: io.appium.java_client.android.AndroidDriver
Command: [f3e0808a-a7ad-4b47-af9d-1ac32b03060e, findElement {value=new UiSelector().className("android.widget.EditText").instance(0), using=-android uiautomator}]
Capabilities {appium:appActivity: com.homelearn.essential.act..., appium:appPackage: com.homelearn.schoollearn, appium:automationName: UiAutomator2, appium:databaseEnabled: false, appium:desired: {appActivity: com.homelearn.essential.act..., appPackage: com.homelearn.schoollearn, automationName: UiAutomator2, deviceName: R9PT7000CKM, noReset: true, platformName: ANDROID}, appium:deviceApiLevel: 34, appium:deviceManufacturer: samsung, appium:deviceModel: SM-X200, appium:deviceName: R9PT7000CKM, appium:deviceScreenDensity: 240, appium:deviceScreenSize: 1920x1200, appium:deviceUDID: R9PT7000CKM, appium:javascriptEnabled: true, appium:locationContextEnabled: false, appium:networkConnectionEnabled: true, appium:noReset: true, appium:pixelRatio: 1.5, appium:platformVersion: 14, appium:statBarHeight: 36, appium:takesScreenshot: true, appium:viewportRect: {height: 1164, left: 0, top: 36, width: 1920}, appium:warnings: {}, appium:webStorageEnabled: false, platformName: ANDROID}
Session ID: f3e0808a-a7ad-4b47-af9d-1ac32b03060e
at org.openqa.selenium.remote.ErrorCodec.decode(ErrorCodec.java:167)
at org.openqa.selenium.remote.codec.w3c.W3CHttpResponseCodec.decode(W3CHttpResponseCodec.java:138)
at org.openqa.selenium.remote.codec.w3c.W3CHttpResponseCodec.decode(W3CHttpResponseCodec.java:50)
at org.openqa.selenium.remote.HttpCommandExecutor.execute(HttpCommandExecutor.java:215)
at io.appium.java_client.remote.AppiumCommandExecutor.execute(AppiumCommandExecutor.java:243)
at org.openqa.selenium.remote.RemoteWebDriver.execute(RemoteWebDriver.java:545)
at org.openqa.selenium.remote.ElementLocation$ElementFinder$2.findElement(ElementLocation.java:165)
at org.openqa.selenium.remote.ElementLocation.findElement(ElementLocation.java:66)
at org.openqa.selenium.remote.RemoteWebDriver.findElement(RemoteWebDriver.java:368)
at org.openqa.selenium.remote.RemoteWebDriver.findElement(RemoteWebDriver.java:362)
at edu.Appium.T001.학년별로그인(T001.java:78)
at java.base/java.util.ArrayList.forEach(ArrayList.java:1596)
... Removed 32 stack frames]]>
    </failure>
  </testcase> <!-- 학년별로그인 -->
  <testcase classname="edu.Appium.T002" name="속담의달인" time="31.285"/>
</testsuite> <!-- Test -->
