<?xml version="1.0" encoding="UTF-8"?>
<!-- Generated by org.testng.reporters.JUnitXMLReporter -->
<testsuite ignored="0" hostname="sjcho88-PC" failures="1" tests="5" name="Test" time="135.024" errors="0" timestamp="2025-03-18T13:13:22 KST">
  <testcase classname="edu.Appium.Install" name="앱사용권한체크" time="3.532"/>
  <testcase classname="edu.Appium.Install" name="학부모에게_요청하여_앱_사용하기" time="14.635"/>
  <testcase classname="edu.Appium.T001" name="비밀번호유효성체크" time="32.461"/>
  <testcase classname="edu.Appium.T001" name="학년별로그인" time="11.763"/>
  <testcase classname="edu.Appium.T002" name="속담의달인" time="21.905">
    <failure type="org.openqa.selenium.StaleElementReferenceException" message="The element &amp;apos;By.xpath: //android.widget.TextView[@text=&amp;quot;날씨&amp;quot;]&amp;apos; does not exist in DOM anymore
For documentation on this error, please visit: https://www.selenium.dev/documentation/webdriver/troubleshooting/errors#stale-element-reference-exception
Build info: version: &amp;apos;4.29.0&amp;apos;, revision: &amp;apos;5fc1ec94cb&amp;apos;
System info: os.name: &amp;apos;Windows 10&amp;apos;, os.arch: &amp;apos;amd64&amp;apos;, os.version: &amp;apos;10.0&amp;apos;, java.version: &amp;apos;21.0.6&amp;apos;
Driver info: io.appium.java_client.android.AndroidDriver
Command: [eadc69a4-c7f4-463d-8ab1-3c35b1812410, getElementText {id=00000000-0000-1887-0000-017b00000029}]
Capabilities {appium:appActivity: com.homelearn.essential.act..., appium:appPackage: com.homelearn.schoollearn, appium:automationName: UiAutomator2, appium:databaseEnabled: false, appium:desired: {appActivity: com.homelearn.essential.act..., appPackage: com.homelearn.schoollearn, automationName: UiAutomator2, deviceName: R9PT7000CKM, noReset: true, platformName: ANDROID}, appium:deviceApiLevel: 34, appium:deviceManufacturer: samsung, appium:deviceModel: SM-X200, appium:deviceName: R9PT7000CKM, appium:deviceScreenDensity: 240, appium:deviceScreenSize: 1920x1200, appium:deviceUDID: R9PT7000CKM, appium:javascriptEnabled: true, appium:locationContextEnabled: false, appium:networkConnectionEnabled: true, appium:noReset: true, appium:pixelRatio: 1.5, appium:platformVersion: 14, appium:statBarHeight: 36, appium:takesScreenshot: true, appium:viewportRect: {height: 1164, left: 0, top: 36, width: 1920}, appium:warnings: {}, appium:webStorageEnabled: false, platformName: ANDROID}
Element: [[AndroidDriver:  on ANDROID (eadc69a4-c7f4-463d-8ab1-3c35b1812410)] -&amp;gt; xpath: //android.widget.TextView[@text=&amp;quot;날씨&amp;quot;]]
Session ID: eadc69a4-c7f4-463d-8ab1-3c35b1812410">
      <![CDATA[org.openqa.selenium.StaleElementReferenceException: The element 'By.xpath: //android.widget.TextView[@text="날씨"]' does not exist in DOM anymore
For documentation on this error, please visit: https://www.selenium.dev/documentation/webdriver/troubleshooting/errors#stale-element-reference-exception
Build info: version: '4.29.0', revision: '5fc1ec94cb'
System info: os.name: 'Windows 10', os.arch: 'amd64', os.version: '10.0', java.version: '21.0.6'
Driver info: io.appium.java_client.android.AndroidDriver
Command: [eadc69a4-c7f4-463d-8ab1-3c35b1812410, getElementText {id=00000000-0000-1887-0000-017b00000029}]
Capabilities {appium:appActivity: com.homelearn.essential.act..., appium:appPackage: com.homelearn.schoollearn, appium:automationName: UiAutomator2, appium:databaseEnabled: false, appium:desired: {appActivity: com.homelearn.essential.act..., appPackage: com.homelearn.schoollearn, automationName: UiAutomator2, deviceName: R9PT7000CKM, noReset: true, platformName: ANDROID}, appium:deviceApiLevel: 34, appium:deviceManufacturer: samsung, appium:deviceModel: SM-X200, appium:deviceName: R9PT7000CKM, appium:deviceScreenDensity: 240, appium:deviceScreenSize: 1920x1200, appium:deviceUDID: R9PT7000CKM, appium:javascriptEnabled: true, appium:locationContextEnabled: false, appium:networkConnectionEnabled: true, appium:noReset: true, appium:pixelRatio: 1.5, appium:platformVersion: 14, appium:statBarHeight: 36, appium:takesScreenshot: true, appium:viewportRect: {height: 1164, left: 0, top: 36, width: 1920}, appium:warnings: {}, appium:webStorageEnabled: false, platformName: ANDROID}
Element: [[AndroidDriver:  on ANDROID (eadc69a4-c7f4-463d-8ab1-3c35b1812410)] -> xpath: //android.widget.TextView[@text="날씨"]]
Session ID: eadc69a4-c7f4-463d-8ab1-3c35b1812410
at org.openqa.selenium.remote.ErrorCodec.decode(ErrorCodec.java:167)
at org.openqa.selenium.remote.codec.w3c.W3CHttpResponseCodec.decode(W3CHttpResponseCodec.java:138)
at org.openqa.selenium.remote.codec.w3c.W3CHttpResponseCodec.decode(W3CHttpResponseCodec.java:50)
at org.openqa.selenium.remote.HttpCommandExecutor.execute(HttpCommandExecutor.java:215)
at io.appium.java_client.remote.AppiumCommandExecutor.execute(AppiumCommandExecutor.java:243)
at org.openqa.selenium.remote.RemoteWebDriver.execute(RemoteWebDriver.java:545)
at org.openqa.selenium.remote.RemoteWebElement.execute(RemoteWebElement.java:223)
at org.openqa.selenium.remote.RemoteWebElement.getText(RemoteWebElement.java:191)
at edu.Appium.T002.속담의달인(T002.java:71)
at java.base/java.util.ArrayList.forEach(ArrayList.java:1596)
... Removed 32 stack frames]]>
    </failure>
  </testcase> <!-- 속담의달인 -->
</testsuite> <!-- Test -->
