<?xml version="1.0" encoding="UTF-8"?>
<testng-results ignored="0" total="5" passed="4" failed="1" skipped="0">
  <reporter-output>
  </reporter-output>
  <suite started-at="2025-03-18T18:23:24 KST" name="Suite" finished-at="2025-03-18T18:25:56 KST" duration-ms="151969">
    <groups>
    </groups>
    <test started-at="2025-03-18T18:23:24 KST" name="Test" finished-at="2025-03-18T18:25:56 KST" duration-ms="151969">
      <class name="edu.Appium.T001">
        <test-method is-config="true" signature="setUp()[pri:0, instance:edu.Appium.T001@72cc7e6f]" started-at="2025-03-18T18:24:01 KST" name="setUp" finished-at="2025-03-18T18:24:12 KST" duration-ms="10559" status="PASS">
          <reporter-output>
          </reporter-output>
        </test-method> <!-- setUp -->
        <test-method signature="비밀번호유효성체크()[pri:1, instance:edu.Appium.T001@72cc7e6f]" started-at="2025-03-18T18:24:12 KST" name="비밀번호유효성체크" finished-at="2025-03-18T18:24:47 KST" duration-ms="35619" status="PASS">
          <reporter-output>
          </reporter-output>
        </test-method> <!-- 비밀번호유효성체크 -->
        <test-method is-config="true" signature="tearDown()[pri:0, instance:edu.Appium.T001@72cc7e6f]" started-at="2025-03-18T18:24:47 KST" name="tearDown" finished-at="2025-03-18T18:24:49 KST" duration-ms="1993" status="PASS">
          <reporter-output>
          </reporter-output>
        </test-method> <!-- tearDown -->
        <test-method is-config="true" signature="setUp()[pri:0, instance:edu.Appium.T001@72cc7e6f]" started-at="2025-03-18T18:24:49 KST" name="setUp" finished-at="2025-03-18T18:25:00 KST" duration-ms="10684" status="PASS">
          <reporter-output>
          </reporter-output>
        </test-method> <!-- setUp -->
        <test-method signature="학년별로그인()[pri:2, instance:edu.Appium.T001@72cc7e6f]" started-at="2025-03-18T18:25:00 KST" name="학년별로그인" finished-at="2025-03-18T18:25:10 KST" depends-on-methods="edu.Appium.T001.비밀번호유효성체크" duration-ms="10060" status="FAIL">
          <exception class="org.openqa.selenium.NoSuchElementException">
            <message>
              <![CDATA[An element could not be located on the page using the given search parameters.
For documentation on this error, please visit: https://www.selenium.dev/documentation/webdriver/troubleshooting/errors#no-such-element-exception
Build info: version: '4.29.0', revision: '5fc1ec94cb'
System info: os.name: 'Windows 10', os.arch: 'amd64', os.version: '10.0', java.version: '21.0.6'
Driver info: io.appium.java_client.android.AndroidDriver
Command: [f3e0808a-a7ad-4b47-af9d-1ac32b03060e, findElement {value=new UiSelector().className("android.widget.EditText").instance(0), using=-android uiautomator}]
Capabilities {appium:appActivity: com.homelearn.essential.act..., appium:appPackage: com.homelearn.schoollearn, appium:automationName: UiAutomator2, appium:databaseEnabled: false, appium:desired: {appActivity: com.homelearn.essential.act..., appPackage: com.homelearn.schoollearn, automationName: UiAutomator2, deviceName: R9PT7000CKM, noReset: true, platformName: ANDROID}, appium:deviceApiLevel: 34, appium:deviceManufacturer: samsung, appium:deviceModel: SM-X200, appium:deviceName: R9PT7000CKM, appium:deviceScreenDensity: 240, appium:deviceScreenSize: 1920x1200, appium:deviceUDID: R9PT7000CKM, appium:javascriptEnabled: true, appium:locationContextEnabled: false, appium:networkConnectionEnabled: true, appium:noReset: true, appium:pixelRatio: 1.5, appium:platformVersion: 14, appium:statBarHeight: 36, appium:takesScreenshot: true, appium:viewportRect: {height: 1164, left: 0, top: 36, width: 1920}, appium:warnings: {}, appium:webStorageEnabled: false, platformName: ANDROID}
Session ID: f3e0808a-a7ad-4b47-af9d-1ac32b03060e]]>
            </message>
            <full-stacktrace>
              <![CDATA[org.openqa.selenium.NoSuchElementException: An element could not be located on the page using the given search parameters.
For documentation on this error, please visit: https://www.selenium.dev/documentation/webdriver/troubleshooting/errors#no-such-element-exception
Build info: version: '4.29.0', revision: '5fc1ec94cb'
System info: os.name: 'Windows 10', os.arch: 'amd64', os.version: '10.0', java.version: '21.0.6'
Driver info: io.appium.java_client.android.AndroidDriver
Command: [f3e0808a-a7ad-4b47-af9d-1ac32b03060e, findElement {value=new UiSelector().className("android.widget.EditText").instance(0), using=-android uiautomator}]
Capabilities {appium:appActivity: com.homelearn.essential.act..., appium:appPackage: com.homelearn.schoollearn, appium:automationName: UiAutomator2, appium:databaseEnabled: false, appium:desired: {appActivity: com.homelearn.essential.act..., appPackage: com.homelearn.schoollearn, automationName: UiAutomator2, deviceName: R9PT7000CKM, noReset: true, platformName: ANDROID}, appium:deviceApiLevel: 34, appium:deviceManufacturer: samsung, appium:deviceModel: SM-X200, appium:deviceName: R9PT7000CKM, appium:deviceScreenDensity: 240, appium:deviceScreenSize: 1920x1200, appium:deviceUDID: R9PT7000CKM, appium:javascriptEnabled: true, appium:locationContextEnabled: false, appium:networkConnectionEnabled: true, appium:noReset: true, appium:pixelRatio: 1.5, appium:platformVersion: 14, appium:statBarHeight: 36, appium:takesScreenshot: true, appium:viewportRect: {height: 1164, left: 0, top: 36, width: 1920}, appium:warnings: {}, appium:webStorageEnabled: false, platformName: ANDROID}
Session ID: f3e0808a-a7ad-4b47-af9d-1ac32b03060e
at java.base/jdk.internal.reflect.DirectConstructorHandleAccessor.newInstance(DirectConstructorHandleAccessor.java:62)
at java.base/java.lang.reflect.Constructor.newInstanceWithCaller(Constructor.java:502)
at java.base/java.lang.reflect.Constructor.newInstance(Constructor.java:486)
at org.openqa.selenium.remote.ErrorCodec.decode(ErrorCodec.java:167)
at org.openqa.selenium.remote.codec.w3c.W3CHttpResponseCodec.decode(W3CHttpResponseCodec.java:138)
at org.openqa.selenium.remote.codec.w3c.W3CHttpResponseCodec.decode(W3CHttpResponseCodec.java:50)
at org.openqa.selenium.remote.HttpCommandExecutor.execute(HttpCommandExecutor.java:215)
at io.appium.java_client.remote.AppiumCommandExecutor.execute(AppiumCommandExecutor.java:243)
at org.openqa.selenium.remote.RemoteWebDriver.execute(RemoteWebDriver.java:545)
at org.openqa.selenium.remote.ElementLocation$ElementFinder$2.findElement(ElementLocation.java:165)
at org.openqa.selenium.remote.ElementLocation.findElement(ElementLocation.java:66)
at org.openqa.selenium.remote.RemoteWebDriver.findElement(RemoteWebDriver.java:368)
at org.openqa.selenium.remote.RemoteWebDriver.findElement(RemoteWebDriver.java:362)
at edu.Appium.T001.학년별로그인(T001.java:78)
at java.base/jdk.internal.reflect.DirectMethodHandleAccessor.invoke(DirectMethodHandleAccessor.java:103)
at java.base/java.lang.reflect.Method.invoke(Method.java:580)
at org.testng.internal.invokers.MethodInvocationHelper.invokeMethod(MethodInvocationHelper.java:139)
at org.testng.internal.invokers.TestInvoker.invokeMethod(TestInvoker.java:664)
at org.testng.internal.invokers.TestInvoker.invokeTestMethod(TestInvoker.java:227)
at org.testng.internal.invokers.MethodRunner.runInSequence(MethodRunner.java:50)
at org.testng.internal.invokers.TestInvoker$MethodInvocationAgent.invoke(TestInvoker.java:957)
at org.testng.internal.invokers.TestInvoker.invokeTestMethods(TestInvoker.java:200)
at org.testng.internal.invokers.TestMethodWorker.invokeTestMethods(TestMethodWorker.java:148)
at org.testng.internal.invokers.TestMethodWorker.run(TestMethodWorker.java:128)
at java.base/java.util.ArrayList.forEach(ArrayList.java:1596)
at org.testng.TestRunner.privateRun(TestRunner.java:848)
at org.testng.TestRunner.run(TestRunner.java:621)
at org.testng.SuiteRunner.runTest(SuiteRunner.java:443)
at org.testng.SuiteRunner.runSequentially(SuiteRunner.java:437)
at org.testng.SuiteRunner.privateRun(SuiteRunner.java:397)
at org.testng.SuiteRunner.run(SuiteRunner.java:336)
at org.testng.SuiteRunnerWorker.runSuite(SuiteRunnerWorker.java:52)
at org.testng.SuiteRunnerWorker.run(SuiteRunnerWorker.java:95)
at org.testng.TestNG.runSuitesSequentially(TestNG.java:1280)
at org.testng.TestNG.runSuitesLocally(TestNG.java:1200)
at org.testng.TestNG.runSuites(TestNG.java:1114)
at org.testng.TestNG.run(TestNG.java:1082)
at org.apache.maven.surefire.testng.TestNGExecutor.run(TestNGExecutor.java:308)
at org.apache.maven.surefire.testng.TestNGXmlTestSuite.execute(TestNGXmlTestSuite.java:71)
at org.apache.maven.surefire.testng.TestNGProvider.invoke(TestNGProvider.java:113)
at org.apache.maven.surefire.booter.ForkedBooter.runSuitesInProcess(ForkedBooter.java:385)
at org.apache.maven.surefire.booter.ForkedBooter.execute(ForkedBooter.java:162)
at org.apache.maven.surefire.booter.ForkedBooter.run(ForkedBooter.java:507)
at org.apache.maven.surefire.booter.ForkedBooter.main(ForkedBooter.java:495)
]]>
            </full-stacktrace>
          </exception> <!-- org.openqa.selenium.NoSuchElementException -->
          <reporter-output>
          </reporter-output>
        </test-method> <!-- 학년별로그인 -->
        <test-method is-config="true" signature="tearDown()[pri:0, instance:edu.Appium.T001@72cc7e6f]" started-at="2025-03-18T18:25:10 KST" name="tearDown" finished-at="2025-03-18T18:25:12 KST" duration-ms="1978" status="PASS">
          <reporter-output>
          </reporter-output>
        </test-method> <!-- tearDown -->
      </class> <!-- edu.Appium.T001 -->
      <class name="edu.Appium.T002">
        <test-method is-config="true" signature="setUp()[pri:0, instance:edu.Appium.T002@5afa3c9]" started-at="2025-03-18T18:25:12 KST" name="setUp" finished-at="2025-03-18T18:25:23 KST" duration-ms="10542" status="PASS">
          <reporter-output>
          </reporter-output>
        </test-method> <!-- setUp -->
        <test-method signature="속담의달인()[pri:1, instance:edu.Appium.T002@5afa3c9]" started-at="2025-03-18T18:25:23 KST" name="속담의달인" finished-at="2025-03-18T18:25:54 KST" duration-ms="31285" status="PASS">
          <reporter-output>
          </reporter-output>
        </test-method> <!-- 속담의달인 -->
        <test-method is-config="true" signature="tearDown()[pri:0, instance:edu.Appium.T002@5afa3c9]" started-at="2025-03-18T18:25:54 KST" name="tearDown" finished-at="2025-03-18T18:25:56 KST" duration-ms="1913" status="PASS">
          <reporter-output>
          </reporter-output>
        </test-method> <!-- tearDown -->
      </class> <!-- edu.Appium.T002 -->
      <class name="edu.Appium.Install">
        <test-method is-config="true" signature="setUp()[pri:0, instance:edu.Appium.Install@4b29d1d2]" started-at="2025-03-18T18:23:24 KST" name="setUp" finished-at="2025-03-18T18:23:41 KST" duration-ms="16822" status="PASS">
          <reporter-output>
          </reporter-output>
        </test-method> <!-- setUp -->
        <test-method signature="앱사용권한체크()[pri:1, instance:edu.Appium.Install@4b29d1d2]" started-at="2025-03-18T18:23:41 KST" name="앱사용권한체크" finished-at="2025-03-18T18:23:45 KST" duration-ms="3662" status="PASS">
          <reporter-output>
          </reporter-output>
        </test-method> <!-- 앱사용권한체크 -->
        <test-method signature="학부모에게_요청하여_앱_사용하기()[pri:2, instance:edu.Appium.Install@4b29d1d2]" started-at="2025-03-18T18:23:45 KST" name="학부모에게_요청하여_앱_사용하기" finished-at="2025-03-18T18:23:59 KST" depends-on-methods="edu.Appium.Install.앱사용권한체크" duration-ms="14446" status="PASS">
          <reporter-output>
          </reporter-output>
        </test-method> <!-- 학부모에게_요청하여_앱_사용하기 -->
        <test-method is-config="true" signature="tearDown()[pri:0, instance:edu.Appium.Install@4b29d1d2]" started-at="2025-03-18T18:23:59 KST" name="tearDown" finished-at="2025-03-18T18:24:01 KST" duration-ms="2200" status="PASS">
          <reporter-output>
          </reporter-output>
        </test-method> <!-- tearDown -->
      </class> <!-- edu.Appium.Install -->
    </test> <!-- Test -->
  </suite> <!-- Suite -->
</testng-results>
