<?xml version="1.0" encoding="UTF-8"?>
<testng-results ignored="0" total="1" passed="1" failed="0" skipped="0">
  <reporter-output>
  </reporter-output>
  <suite started-at="2025-03-13T15:52:00 KST" name="Default suite" finished-at="2025-03-13T15:52:14 KST" duration-ms="13620">
    <groups>
    </groups>
    <test started-at="2025-03-13T15:52:00 KST" name="Default test" finished-at="2025-03-13T15:52:14 KST" duration-ms="13620">
      <class name="edu.Appium.T001">
        <test-method is-config="true" signature="setUp()[pri:0, instance:edu.Appium.T001@1b28f282]" started-at="2025-03-13T15:52:00 KST" name="setUp" finished-at="2025-03-13T15:52:10 KST" duration-ms="9360" status="PASS">
          <reporter-output>
          </reporter-output>
        </test-method> <!-- setUp -->
        <test-method signature="testAppLaunch()[pri:0, instance:edu.Appium.T001@1b28f282]" started-at="2025-03-13T15:52:10 KST" name="testAppLaunch" finished-at="2025-03-13T15:52:13 KST" duration-ms="3024" status="PASS">
          <reporter-output>
          </reporter-output>
        </test-method> <!-- testAppLaunch -->
        <test-method is-config="true" signature="tearDown()[pri:0, instance:edu.Appium.T001@1b28f282]" started-at="2025-03-13T15:52:13 KST" name="tearDown" finished-at="2025-03-13T15:52:14 KST" duration-ms="1158" status="PASS">
          <reporter-output>
          </reporter-output>
        </test-method> <!-- tearDown -->
      </class> <!-- edu.Appium.T001 -->
    </test> <!-- Default test -->
  </suite> <!-- Default suite -->
</testng-results>
